
Showing logs for build [32mcb-kubecd-bdd-spring-1592923474-5nmgp-1[0m stage [32mfrom-build-pack[0m and container [32mstep-credential-initializer-zpn24[0m
{"level":"info","ts":1592924752.2709563,"logger":"fallback-logger","caller":"logging/config.go:69","msg":"Fetch GitHub commit ID from kodata failed: open /var/run/ko/refs/heads/0.8.0-ns-support: no such file or directory"}
{"level":"info","ts":1592924752.271264,"logger":"fallback-logger","caller":"creds-init/main.go:40","msg":"Credentials initialized."}

Showing logs for build [32mcb-kubecd-bdd-spring-1592923474-5nmgp-1[0m stage [32mfrom-build-pack[0m and container [32mstep-working-dir-initializer-x56qf[0m
{"level":"info","ts":1592924753.3521676,"logger":"fallback-logger","caller":"logging/config.go:69","msg":"Fetch GitHub commit ID from kodata failed: open /var/run/ko/HEAD: no such file or directory"}
{"level":"info","ts":1592924753.3530366,"logger":"fallback-logger","caller":"bash/main.go:64","msg":"Successfully executed command \"sh -c mkdir -p /workspace/source\"; output "}

Showing logs for build [32mcb-kubecd-bdd-spring-1592923474-5nmgp-1[0m stage [32mfrom-build-pack[0m and container [32mstep-place-tools[0m

Showing logs for build [32mcb-kubecd-bdd-spring-1592923474-5nmgp-1[0m stage [32mfrom-build-pack[0m and container [32mstep-git-source-cb-kubecd-bdd-spring-1592923474-5nmgp-mdk9x[0m
{"level":"info","ts":1592924763.4513144,"logger":"fallback-logger","caller":"logging/config.go:69","msg":"Fetch GitHub commit ID from kodata failed: open /var/run/ko/refs/heads/0.8.0-ns-support: no such file or directory"}
{"level":"info","ts":1592924764.4538696,"logger":"fallback-logger","caller":"git/git.go:103","msg":"Successfully cloned https://github.com/cb-kubecd/bdd-spring-1592923474.git @ master in path /workspace/source"}

Showing logs for build [32mcb-kubecd-bdd-spring-1592923474-5nmgp-1[0m stage [32mfrom-build-pack[0m and container [32mstep-git-merge[0m
Using SHAs from PULL_REFS=master:b60bb96cad28eefe09421879d6410cc491fe5a6c,1:a058b9087682e0908061116d0ffaa057a8a3d6cb
DEBUG: LC_ALL=C JX_LOG_LEVEL=error git fetch origin --unshallow a058b9087682e0908061116d0ffaa057a8a3d6cb: b60bb96cad28eefe09421879d6410cc491fe5a6c:
DEBUG: ran git fetch --unshallow origin a058b9087682e0908061116d0ffaa057a8a3d6cb: b60bb96cad28eefe09421879d6410cc491fe5a6c: in 
DEBUG: LC_ALL=C JX_LOG_LEVEL=error git branch
DEBUG: LC_ALL=C JX_LOG_LEVEL=error git checkout master
DEBUG: ran git checkout master in 
DEBUG: JX_LOG_LEVEL=error LC_ALL=C git reset --hard b60bb96cad28eefe09421879d6410cc491fe5a6c
DEBUG: ran git reset --hard b60bb96cad28eefe09421879d6410cc491fe5a6c in 
DEBUG: LC_ALL=C JX_LOG_LEVEL=error git clean -fd .
DEBUG: ran clean --force -d . in 
DEBUG: LC_ALL=C JX_LOG_LEVEL=error git merge a058b9087682e0908061116d0ffaa057a8a3d6cb
DEBUG: ran git merge a058b9087682e0908061116d0ffaa057a8a3d6cb in 
DEBUG: LC_ALL=C JX_LOG_LEVEL=error git log --format=%H%x1f%an%x1f%ae%x1f%cn%x1f%ce%x1f%s%n%b%x1e b60bb96cad28eefe09421879d6410cc491fe5a6c..HEAD
Merged SHA a058b9087682e0908061116d0ffaa057a8a3d6cb with commit message 'My first PR commit' into base branch master

Showing logs for build [32mcb-kubecd-bdd-spring-1592923474-5nmgp-1[0m stage [32mfrom-build-pack[0m and container [32mstep-build-set-version[0m
Picked up _JAVA_OPTIONS: -XX:+UnlockExperimentalVMOptions -XX:+UseCGroupMemoryLimitForHeap -Dsun.zip.disableMemoryMapping=true -XX:+UseParallelGC -XX:MinHeapFreeRatio=5 -XX:MaxHeapFreeRatio=10 -XX:GCTimeRatio=4 -XX:AdaptiveSizePolicyWeight=90 -Xms10m -Xmx192m
OpenJDK 64-Bit Server VM warning: If the number of processors is expected to increase from one, then you should configure the number of parallel GC threads appropriately using -XX:ParallelGCThreads=N
[INFO] Scanning for projects...
[INFO] 
[INFO] -----------------< com.example:bdd-spring-1592923474 >------------------
[INFO] Building demo 0.0.1-SNAPSHOT
[INFO] --------------------------------[ jar ]---------------------------------
[INFO] 
[INFO] --- versions-maven-plugin:2.7:set (default-cli) @ bdd-spring-1592923474 ---
[INFO] Searching for local aggregator root...
[INFO] Local aggregation root: /workspace/source
[INFO] Processing change of com.example:bdd-spring-1592923474:0.0.1-SNAPSHOT -> 0.0.0-SNAPSHOT-PR-1-1
[INFO] Processing com.example:bdd-spring-1592923474
[INFO]     Updating project com.example:bdd-spring-1592923474
[INFO]         from version 0.0.1-SNAPSHOT to 0.0.0-SNAPSHOT-PR-1-1
[INFO] 
[INFO] ------------------------------------------------------------------------
[INFO] BUILD SUCCESS
[INFO] ------------------------------------------------------------------------
[INFO] Total time:  10.177 s
[INFO] Finished at: 2020-06-23T15:06:17Z
[INFO] ------------------------------------------------------------------------

Showing logs for build [32mcb-kubecd-bdd-spring-1592923474-5nmgp-1[0m stage [32mfrom-build-pack[0m and container [32mstep-build-mvn-install[0m
Picked up _JAVA_OPTIONS: -XX:+UnlockExperimentalVMOptions -XX:+UseCGroupMemoryLimitForHeap -Dsun.zip.disableMemoryMapping=true -XX:+UseParallelGC -XX:MinHeapFreeRatio=5 -XX:MaxHeapFreeRatio=10 -XX:GCTimeRatio=4 -XX:AdaptiveSizePolicyWeight=90 -Xms10m -Xmx192m
OpenJDK 64-Bit Server VM warning: If the number of processors is expected to increase from one, then you should configure the number of parallel GC threads appropriately using -XX:ParallelGCThreads=N
[INFO] Scanning for projects...
[INFO] 
[INFO] -----------------< com.example:bdd-spring-1592923474 >------------------
[INFO] Building demo 0.0.0-SNAPSHOT-PR-1-1
[INFO] --------------------------------[ jar ]---------------------------------
[INFO] 
[INFO] --- maven-resources-plugin:3.1.0:resources (default-resources) @ bdd-spring-1592923474 ---
[INFO] Using 'UTF-8' encoding to copy filtered resources.
[INFO] Copying 1 resource
[INFO] Copying 0 resource
[INFO] 
[INFO] --- maven-compiler-plugin:3.8.1:compile (default-compile) @ bdd-spring-1592923474 ---
[INFO] Changes detected - recompiling the module!
[INFO] Compiling 1 source file to /workspace/source/target/classes
[INFO] 
[INFO] --- maven-resources-plugin:3.1.0:testResources (default-testResources) @ bdd-spring-1592923474 ---
[INFO] Using 'UTF-8' encoding to copy filtered resources.
[INFO] skip non existing resourceDirectory /workspace/source/src/test/resources
[INFO] 
[INFO] --- maven-compiler-plugin:3.8.1:testCompile (default-testCompile) @ bdd-spring-1592923474 ---
[INFO] Changes detected - recompiling the module!
[INFO] Compiling 1 source file to /workspace/source/target/test-classes
[INFO] 
[INFO] --- maven-surefire-plugin:3.0.0-M1:test (default-test) @ bdd-spring-1592923474 ---
[INFO] 
[INFO] -------------------------------------------------------
[INFO]  T E S T S
[INFO] -------------------------------------------------------
[INFO] Running com.example.bddspring1592923474.DemoApplicationTests
15:06:32.495 [main] DEBUG org.springframework.test.context.BootstrapUtils - Instantiating CacheAwareContextLoaderDelegate from class [org.springframework.test.context.cache.DefaultCacheAwareContextLoaderDelegate]
15:06:32.507 [main] DEBUG org.springframework.test.context.BootstrapUtils - Instantiating BootstrapContext using constructor [public org.springframework.test.context.support.DefaultBootstrapContext(java.lang.Class,org.springframework.test.context.CacheAwareContextLoaderDelegate)]
15:06:32.538 [main] DEBUG org.springframework.test.context.BootstrapUtils - Instantiating TestContextBootstrapper for test class [com.example.bddspring1592923474.DemoApplicationTests] from class [org.springframework.boot.test.context.SpringBootTestContextBootstrapper]
15:06:32.606 [main] INFO org.springframework.boot.test.context.SpringBootTestContextBootstrapper - Neither @ContextConfiguration nor @ContextHierarchy found for test class [com.example.bddspring1592923474.DemoApplicationTests], using SpringBootContextLoader
15:06:32.610 [main] DEBUG org.springframework.test.context.support.AbstractContextLoader - Did not detect default resource location for test class [com.example.bddspring1592923474.DemoApplicationTests]: class path resource [com/example/bddspring1592923474/DemoApplicationTests-context.xml] does not exist
15:06:32.611 [main] DEBUG org.springframework.test.context.support.AbstractContextLoader - Did not detect default resource location for test class [com.example.bddspring1592923474.DemoApplicationTests]: class path resource [com/example/bddspring1592923474/DemoApplicationTestsContext.groovy] does not exist
15:06:32.611 [main] INFO org.springframework.test.context.support.AbstractContextLoader - Could not detect default resource locations for test class [com.example.bddspring1592923474.DemoApplicationTests]: no resource found for suffixes {-context.xml, Context.groovy}.
15:06:32.612 [main] INFO org.springframework.test.context.support.AnnotationConfigContextLoaderUtils - Could not detect default configuration classes for test class [com.example.bddspring1592923474.DemoApplicationTests]: DemoApplicationTests does not declare any static, non-private, non-final, nested classes annotated with @Configuration.
15:06:32.710 [main] DEBUG org.springframework.test.context.support.ActiveProfilesUtils - Could not find an 'annotation declaring class' for annotation type [org.springframework.test.context.ActiveProfiles] and class [com.example.bddspring1592923474.DemoApplicationTests]
15:06:32.814 [main] DEBUG org.springframework.context.annotation.ClassPathScanningCandidateComponentProvider - Identified candidate component class: file [/workspace/source/target/classes/com/example/bddspring1592923474/DemoApplication.class]
15:06:32.815 [main] INFO org.springframework.boot.test.context.SpringBootTestContextBootstrapper - Found @SpringBootConfiguration com.example.bddspring1592923474.DemoApplication for test class com.example.bddspring1592923474.DemoApplicationTests
15:06:32.956 [main] DEBUG org.springframework.boot.test.context.SpringBootTestContextBootstrapper - @TestExecutionListeners is not present for class [com.example.bddspring1592923474.DemoApplicationTests]: using defaults.
15:06:32.988 [main] INFO org.springframework.boot.test.context.SpringBootTestContextBootstrapper - Loaded default TestExecutionListener class names from location [META-INF/spring.factories]: [org.springframework.boot.test.mock.mockito.MockitoTestExecutionListener, org.springframework.boot.test.mock.mockito.ResetMocksTestExecutionListener, org.springframework.boot.test.autoconfigure.restdocs.RestDocsTestExecutionListener, org.springframework.boot.test.autoconfigure.web.client.MockRestServiceServerResetTestExecutionListener, org.springframework.boot.test.autoconfigure.web.servlet.MockMvcPrintOnlyOnFailureTestExecutionListener, org.springframework.boot.test.autoconfigure.web.servlet.WebDriverTestExecutionListener, org.springframework.boot.test.autoconfigure.webservices.client.MockWebServiceServerTestExecutionListener, org.springframework.test.context.web.ServletTestExecutionListener, org.springframework.test.context.support.DirtiesContextBeforeModesTestExecutionListener, org.springframework.test.context.support.DependencyInjectionTestExecutionListener, org.springframework.test.context.support.DirtiesContextTestExecutionListener, org.springframework.test.context.transaction.TransactionalTestExecutionListener, org.springframework.test.context.jdbc.SqlScriptsTestExecutionListener, org.springframework.test.context.event.EventPublishingTestExecutionListener]
15:06:33.001 [main] DEBUG org.springframework.boot.test.context.SpringBootTestContextBootstrapper - Skipping candidate TestExecutionListener [org.springframework.test.context.transaction.TransactionalTestExecutionListener] due to a missing dependency. Specify custom listener classes or make the default listener classes and their required dependencies available. Offending class: [org/springframework/transaction/TransactionDefinition]
15:06:33.001 [main] DEBUG org.springframework.boot.test.context.SpringBootTestContextBootstrapper - Skipping candidate TestExecutionListener [org.springframework.test.context.jdbc.SqlScriptsTestExecutionListener] due to a missing dependency. Specify custom listener classes or make the default listener classes and their required dependencies available. Offending class: [org/springframework/transaction/interceptor/TransactionAttribute]
15:06:33.002 [main] INFO org.springframework.boot.test.context.SpringBootTestContextBootstrapper - Using TestExecutionListeners: [org.springframework.test.context.web.ServletTestExecutionListener@6da21078, org.springframework.test.context.support.DirtiesContextBeforeModesTestExecutionListener@7fee8714, org.springframework.boot.test.mock.mockito.MockitoTestExecutionListener@4229bb3f, org.springframework.boot.test.autoconfigure.SpringBootDependencyInjectionTestExecutionListener@56cdfb3b, org.springframework.test.context.support.DirtiesContextTestExecutionListener@2b91004a, org.springframework.test.context.event.EventPublishingTestExecutionListener@20ccf40b, org.springframework.boot.test.mock.mockito.ResetMocksTestExecutionListener@2fb3536e, org.springframework.boot.test.autoconfigure.restdocs.RestDocsTestExecutionListener@169e6180, org.springframework.boot.test.autoconfigure.web.client.MockRestServiceServerResetTestExecutionListener@35aea049, org.springframework.boot.test.autoconfigure.web.servlet.MockMvcPrintOnlyOnFailureTestExecutionListener@7205765b, org.springframework.boot.test.autoconfigure.web.servlet.WebDriverTestExecutionListener@47987356, org.springframework.boot.test.autoconfigure.webservices.client.MockWebServiceServerTestExecutionListener@22ef9844]
15:06:33.006 [main] DEBUG org.springframework.test.context.support.AbstractDirtiesContextTestExecutionListener - Before test class: context [DefaultTestContext@18d87d80 testClass = DemoApplicationTests, testInstance = [null], testMethod = [null], testException = [null], mergedContextConfiguration = [WebMergedContextConfiguration@618425b5 testClass = DemoApplicationTests, locations = '{}', classes = '{class com.example.bddspring1592923474.DemoApplication}', contextInitializerClasses = '[]', activeProfiles = '{}', propertySourceLocations = '{}', propertySourceProperties = '{org.springframework.boot.test.context.SpringBootTestContextBootstrapper=true}', contextCustomizers = set[org.springframework.boot.test.context.filter.ExcludeFilterContextCustomizer@47542153, org.springframework.boot.test.json.DuplicateJsonObjectContextCustomizerFactory$DuplicateJsonObjectContextCustomizer@309e345f, org.springframework.boot.test.mock.mockito.MockitoContextCustomizer@0, org.springframework.boot.test.web.client.TestRestTemplateContextCustomizer@51e5fc98, org.springframework.boot.test.autoconfigure.properties.PropertyMappingContextCustomizer@0, org.springframework.boot.test.autoconfigure.web.servlet.WebDriverContextCustomizerFactory$Customizer@5cee5251, org.springframework.boot.test.context.SpringBootTestArgs@1], resourceBasePath = 'src/main/webapp', contextLoader = 'org.springframework.boot.test.context.SpringBootContextLoader', parent = [null]], attributes = map['org.springframework.test.context.web.ServletTestExecutionListener.activateListener' -> true]], class annotated with @DirtiesContext [false] with mode [null].
15:06:33.098 [main] DEBUG org.springframework.test.context.support.TestPropertySourceUtils - Adding inlined properties to environment: {spring.jmx.enabled=false, org.springframework.boot.test.context.SpringBootTestContextBootstrapper=true}

  .   ____          _            __ _ _
 /\\ / ___'_ __ _ _(_)_ __  __ _ \ \ \ \
( ( )\___ | '_ | '_| | '_ \/ _` | \ \ \ \
 \\/  ___)| |_)| | | | | || (_| |  ) ) ) )
  '  |____| .__|_| |_|_| |_\__, | / / / /
 =========|_|==============|___/=/_/_/_/
 :: Spring Boot ::        (v2.3.1.RELEASE)

2020-06-23 15:06:33.523  INFO 65 --- [           main] c.e.b.DemoApplicationTests               : Starting DemoApplicationTests on cb-kubecd-bdd-spring-1592923474-5nmgp-1-from-build-pack-tbhp4-p with PID 65 (started by root in /workspace/source)
2020-06-23 15:06:33.525  INFO 65 --- [           main] c.e.b.DemoApplicationTests               : No active profile set, falling back to default profiles: default
2020-06-23 15:06:37.824  INFO 65 --- [           main] o.s.s.concurrent.ThreadPoolTaskExecutor  : Initializing ExecutorService 'applicationTaskExecutor'
2020-06-23 15:06:39.309  INFO 65 --- [           main] o.s.b.a.e.web.EndpointLinksResolver      : Exposing 2 endpoint(s) beneath base path '/actuator'
2020-06-23 15:06:39.424  INFO 65 --- [           main] c.e.b.DemoApplicationTests               : Started DemoApplicationTests in 6.317 seconds (JVM running for 8.321)
[INFO] Tests run: 1, Failures: 0, Errors: 0, Skipped: 0, Time elapsed: 7.636 s - in com.example.bddspring1592923474.DemoApplicationTests
2020-06-23 15:06:40.014  INFO 65 --- [extShutdownHook] o.s.s.concurrent.ThreadPoolTaskExecutor  : Shutting down ExecutorService 'applicationTaskExecutor'
[INFO] 
[INFO] Results:
[INFO] 
[INFO] Tests run: 1, Failures: 0, Errors: 0, Skipped: 0
[INFO] 
[INFO] 
[INFO] --- maven-jar-plugin:3.2.0:jar (default-jar) @ bdd-spring-1592923474 ---
[INFO] Building jar: /workspace/source/target/bdd-spring-1592923474-0.0.0-SNAPSHOT-PR-1-1.jar
[INFO] 
[INFO] --- spring-boot-maven-plugin:2.3.1.RELEASE:repackage (repackage) @ bdd-spring-1592923474 ---
[INFO] Replacing main artifact with repackaged archive
[INFO] 
[INFO] --- maven-install-plugin:2.5.2:install (default-install) @ bdd-spring-1592923474 ---
[INFO] Installing /workspace/source/target/bdd-spring-1592923474-0.0.0-SNAPSHOT-PR-1-1.jar to /home/jenkins/.mvnrepository/com/example/bdd-spring-1592923474/0.0.0-SNAPSHOT-PR-1-1/bdd-spring-1592923474-0.0.0-SNAPSHOT-PR-1-1.jar
[INFO] Installing /workspace/source/pom.xml to /home/jenkins/.mvnrepository/com/example/bdd-spring-1592923474/0.0.0-SNAPSHOT-PR-1-1/bdd-spring-1592923474-0.0.0-SNAPSHOT-PR-1-1.pom
[INFO] ------------------------------------------------------------------------
[INFO] BUILD SUCCESS
[INFO] ------------------------------------------------------------------------
[INFO] Total time:  23.608 s
[INFO] Finished at: 2020-06-23T15:06:43Z
[INFO] ------------------------------------------------------------------------

Showing logs for build [32mcb-kubecd-bdd-spring-1592923474-5nmgp-1[0m stage [32mfrom-build-pack[0m and container [32mstep-build-skaffold-version[0m
v1.0.1

Showing logs for build [32mcb-kubecd-bdd-spring-1592923474-5nmgp-1[0m stage [32mfrom-build-pack[0m and container [32mstep-build-container-build[0m
[36mINFO[0m[0000] Using dockerignore file: /workspace/source/.dockerignore 
[36mINFO[0m[0000] Retrieving image manifest openjdk:8-jdk-slim 
[36mINFO[0m[0000] Retrieving image manifest openjdk:8-jdk-slim 
[36mINFO[0m[0001] Built cross stage deps: map[]                
[36mINFO[0m[0001] Retrieving image manifest openjdk:8-jdk-slim 
[36mINFO[0m[0001] Retrieving image manifest openjdk:8-jdk-slim 
[36mINFO[0m[0001] Executing 0 build triggers                   
[36mINFO[0m[0001] cmd: EXPOSE                                  
[36mINFO[0m[0001] Adding exposed port: 8080/tcp                
[36mINFO[0m[0001] Resolving srcs [pom.xml target/lib*]...      
[36mINFO[0m[0001] Checking for cached layer 296178596335.dkr.ecr.us-east-1.amazonaws.com/todo/cache:ea465d855072ec4f7a767200a6096c7c30003fce8b6f16ac5a9297c795841ec6... 
[36mINFO[0m[0002] No cached layer found for cmd COPY pom.xml target/lib* /opt/lib/ 
[36mINFO[0m[0002] Resolving srcs [target/*.jar]...             
[36mINFO[0m[0002] Unpacking rootfs as cmd COPY pom.xml target/lib* /opt/lib/ requires it. 
[36mINFO[0m[0006] ENV PORT 8080                                
[36mINFO[0m[0006] No files changed in this command, skipping snapshotting. 
[36mINFO[0m[0006] ENV CLASSPATH /opt/lib                       
[36mINFO[0m[0006] No files changed in this command, skipping snapshotting. 
[36mINFO[0m[0006] EXPOSE 8080                                  
[36mINFO[0m[0006] cmd: EXPOSE                                  
[36mINFO[0m[0006] Adding exposed port: 8080/tcp                
[36mINFO[0m[0006] No files changed in this command, skipping snapshotting. 
[36mINFO[0m[0006] Resolving srcs [pom.xml target/lib*]...      
[36mINFO[0m[0006] COPY pom.xml target/lib* /opt/lib/           
[36mINFO[0m[0006] Resolving srcs [pom.xml target/lib*]...      
[36mINFO[0m[0006] Resolving 1 paths                            
[36mINFO[0m[0006] Taking snapshot of files...                  
[36mINFO[0m[0006] Resolving srcs [target/*.jar]...             
[36mINFO[0m[0006] Pushing layer 296178596335.dkr.ecr.us-east-1.amazonaws.com/todo/cache:ea465d855072ec4f7a767200a6096c7c30003fce8b6f16ac5a9297c795841ec6 to cache now 
[36mINFO[0m[0006] COPY target/*.jar /opt/app.jar               
[36mINFO[0m[0006] Resolving srcs [target/*.jar]...             
[36mINFO[0m[0006] Resolving 1 paths                            
[36mINFO[0m[0006] Taking snapshot of files...                  
[36mINFO[0m[0007] WORKDIR /opt                                 
[36mINFO[0m[0007] cmd: workdir                                 
[36mINFO[0m[0007] Changed working directory to /opt            
[36mINFO[0m[0007] No files changed in this command, skipping snapshotting. 
[36mINFO[0m[0007] CMD ["java", "-XX:+UnlockExperimentalVMOptions", "-XX:+UseCGroupMemoryLimitForHeap", "-jar", "app.jar"] 
[36mINFO[0m[0007] No files changed in this command, skipping snapshotting. 
[36mINFO[0m[0007] Pushing layer 296178596335.dkr.ecr.us-east-1.amazonaws.com/todo/cache:99a52d2ec1686b950edaa4a1295070305224d8f630d4381057cc356e32137f77 to cache now 
[33mWARN[0m[0007] error uploading layer to cache: failed to push to destination 296178596335.dkr.ecr.us-east-1.amazonaws.com/todo/cache:ea465d855072ec4f7a767200a6096c7c30003fce8b6f16ac5a9297c795841ec6: POST https://296178596335.dkr.ecr.us-east-1.amazonaws.com/v2/todo/cache/blobs/uploads/: NAME_UNKNOWN: The repository with name 'todo/cache' does not exist in the registry with id '296178596335' 

Showing logs for build [32mcb-kubecd-bdd-spring-1592923474-5nmgp-1[0m stage [32mfrom-build-pack[0m and container [32mstep-postbuild-post-build[0m
no CVE provider running in the current ** namespace so skip adding image to be analysed

Showing logs for build [32mcb-kubecd-bdd-spring-1592923474-5nmgp-1[0m stage [32mfrom-build-pack[0m and container [32mstep-promote-make-preview[0m
sed -i -e "s/version:.*/version: 0.0.0-SNAPSHOT-PR-1-1/" Chart.yaml
sed -i -e "s/version:.*/version: 0.0.0-SNAPSHOT-PR-1-1/" ../*/Chart.yaml
sed -i -e "s|repository:.*|repository: 296178596335.dkr.ecr.us-east-1.amazonaws.com\/cb-kubecd\/bdd-spring-1592923474|" values.yaml
sed -i -e "s/tag:.*/tag: 0.0.0-SNAPSHOT-PR-1-1/" values.yaml
echo "  version: 0.0.0-SNAPSHOT-PR-1-1" >> requirements.yaml
** step helm build
WARNING: No $CHART_REPOSITORY defined so using the default value of: http://jenkins-x-chartmuseum:8080
Adding missing Helm repo: storage.googleapis.com https://storage.googleapis.com/chartmuseum.jenkins-x.io
WARNING: No secrets found on "helm/repos" due: reading the secret "helm/repos" from vault: no secret "helm/repos" not found in vault
Read credentials for https://storage.googleapis.com/chartmuseum.jenkins-x.io from vault helm/repos
Successfully added Helm repository storage.googleapis.com.
Adding missing Helm repo: jenkins-x-chartmuseum http://jenkins-x-chartmuseum:8080
WARNING: No secrets found on "helm/repos" due: reading the secret "helm/repos" from vault: no secret "helm/repos" not found in vault
Read credentials for http://jenkins-x-chartmuseum:8080 from vault helm/repos
Successfully added Helm repository jenkins-x-chartmuseum.
WARNING: No $CHART_REPOSITORY defined so using the default value of: http://jenkins-x-chartmuseum:8080
Adding missing Helm repo: chartmuseum.jenkins-x.io http://chartmuseum.jenkins-x.io
WARNING: No secrets found on "helm/repos" due: reading the secret "helm/repos" from vault: no secret "helm/repos" not found in vault
Read credentials for http://chartmuseum.jenkins-x.io from vault helm/repos
Successfully added Helm repository chartmuseum.jenkins-x.io.

Showing logs for build [32mcb-kubecd-bdd-spring-1592923474-5nmgp-1[0m stage [32mfrom-build-pack[0m and container [32mstep-promote-jx-preview[0m
Creating a preview
Created environment cb-kubecd-bdd-spring-1592923474-pr-1
Namespace **-cb-kubecd-bdd-spring-1592923474-pr-1 created 
expose:
  Annotations:
    helm.sh/hook: post-install,post-upgrade
    helm.sh/hook-delete-policy: hook-succeeded
  config:
    domain: 54.84.86.141.nip.io
    exposer: Ingress
    http: "true"
preview:
  image:
    repository: 296178596335.dkr.ecr.us-east-1.amazonaws.com/cb-kubecd/bdd-spring-1592923474
    tag: 0.0.0-SNAPSHOT-PR-1-1

Updating PipelineActivities cb-kubecd-bdd-spring-1592923474-pr-1-1 which has status Running
WARNING: preview application http://bdd-spring-1592923474.**-cb-kubecd-bdd-spring-1592923474-pr-1.54.84.86.141.nip.io not available, error was 503 503 Service Temporarily Unavailable, delaying for: 1.415821315s
WARNING: preview application http://bdd-spring-1592923474.**-cb-kubecd-bdd-spring-1592923474-pr-1.54.84.86.141.nip.io not available, error was 503 503 Service Temporarily Unavailable, delaying for: 1.973107757s
WARNING: preview application http://bdd-spring-1592923474.**-cb-kubecd-bdd-spring-1592923474-pr-1.54.84.86.141.nip.io not available, error was 503 503 Service Temporarily Unavailable, delaying for: 2.47537259s
WARNING: preview application http://bdd-spring-1592923474.**-cb-kubecd-bdd-spring-1592923474-pr-1.54.84.86.141.nip.io not available, error was 503 503 Service Temporarily Unavailable, delaying for: 2.530214554s
WARNING: preview application http://bdd-spring-1592923474.**-cb-kubecd-bdd-spring-1592923474-pr-1.54.84.86.141.nip.io not available, error was 503 503 Service Temporarily Unavailable, delaying for: 3.410382714s
WARNING: preview application http://bdd-spring-1592923474.**-cb-kubecd-bdd-spring-1592923474-pr-1.54.84.86.141.nip.io not available, error was 503 503 Service Temporarily Unavailable, delaying for: 9.065708349s
Preview application is now available at: http://bdd-spring-1592923474.**-cb-kubecd-bdd-spring-1592923474-pr-1.54.84.86.141.nip.io
